==============================================================================
Adapter: 0
Product Name: PERC H330 Adapter
Memory: 0MB
BBU: Absent
Serial No: 821003E
==============================================================================
Number of DISK GROUPS: 1

DISK GROUP: 0
Number of Spans: 1
SPAN: 0
Span Reference: 0x00
Number of PDs: 2
Number of VDs: 1
Number of dedicated Hotspares: 0
Virtual Drive Information:
Virtual Drive: 0 (Target Id: 0)
Name                :21tb
RAID Level          : Primary-1, Secondary-0, RAID Level Qualifier-0
Size                : 558.375 GB
Sector Size         : 512
Is VD emulated      : No
Mirror Data         : 558.375 GB
State               : Optimal
Strip Size          : 64 KB
Number Of Drives    : 2
Span Depth          : 1
Default Cache Policy: WriteThrough, ReadAheadNone, Direct, No Write Cache if Bad BBU
Current Cache Policy: WriteThrough, ReadAheadNone, Direct, No Write Cache if Bad BBU
Default Access Policy: Read/Write
Current Access Policy: Read/Write
Disk Cache Policy   : Disk's Default
Encryption Type     : None
Default Power Savings Policy: Controller Defined
Current Power Savings Policy: None
Can spin up in 1 minute: Yes
LD has drives that support T10 power conditions: Yes
LD's IO profile supports MAX power savings with cached writes: No
Bad Blocks Exist: No
Is VD Cached: No
Physical Disk Information:
Physical Disk: 0
Enclosure Device ID: 32
Slot Number: 0
Drive's position: DiskGroup: 0, Span: 0, Arm: 0
Enclosure position: 1
Device Id: 0
WWN: 5000C50099B977F0
Sequence Number: 2
Media Error Count: 0
Other Error Count: 0
Predictive Failure Count: 0
Last Predictive Failure Event Seq Number: 0
PD Type: SAS

Raw Size: 558.911 GB [0x45dd2fb0 Sectors]
Non Coerced Size: 558.411 GB [0x45cd2fb0 Sectors]
Coerced Size: 558.375 GB [0x45cc0000 Sectors]
Sector Size:  512
Logical Sector Size:  512
Physical Sector Size:  512
Firmware state: Online, Spun Up
Device Firmware Level: VT31
Shield Counter: 0
Successful diagnostics completion on :  N/A
SAS Address(0): 0x5000c50099b977f1
SAS Address(1): 0x0
Connected Port Number: 0(path0) 
Inquiry Data: SEAGATE ST600MP0005     VT31S7M1S8EN            
FDE Capable: Not Capable
FDE Enable: Disable
Secured: Unsecured
Locked: Unlocked
Needs EKM Attention: No
Foreign State: None 
Device Speed: 12.0Gb/s 
Link Speed: 12.0Gb/s 
Media Type: Hard Disk Device
Drive Temperature :26C (78.80 F)
PI Eligibility:  No 
Drive is formatted for PI information:  Yes 
PI: PI with type 2
Port-0 :
Port status: Active
Port's Linkspeed: 12.0Gb/s 
Port-1 :
Port status: Active
Port's Linkspeed: 12.0Gb/s 
Drive has flagged a S.M.A.R.T alert : No



Physical Disk: 1
Enclosure Device ID: 32
Slot Number: 1
Drive's position: DiskGroup: 0, Span: 0, Arm: 1
Enclosure position: 1
Device Id: 1
WWN: 5000C50099118944
Sequence Number: 2
Media Error Count: 0
Other Error Count: 0
Predictive Failure Count: 0
Last Predictive Failure Event Seq Number: 0
PD Type: SAS

Raw Size: 558.911 GB [0x45dd2fb0 Sectors]
Non Coerced Size: 558.411 GB [0x45cd2fb0 Sectors]
Coerced Size: 558.375 GB [0x45cc0000 Sectors]
Sector Size:  512
Logical Sector Size:  512
Physical Sector Size:  512
Firmware state: Online, Spun Up
Device Firmware Level: VT31
Shield Counter: 0
Successful diagnostics completion on :  N/A
SAS Address(0): 0x5000c50099118945
SAS Address(1): 0x0
Connected Port Number: 1(path0) 
Inquiry Data: SEAGATE ST600MP0005     VT31S7M1MJMF            
FDE Capable: Not Capable
FDE Enable: Disable
Secured: Unsecured
Locked: Unlocked
Needs EKM Attention: No
Foreign State: None 
Device Speed: 12.0Gb/s 
Link Speed: 12.0Gb/s 
Media Type: Hard Disk Device
Drive Temperature :26C (78.80 F)
PI Eligibility:  No 
Drive is formatted for PI information:  Yes 
PI: PI with type 2
Port-0 :
Port status: Active
Port's Linkspeed: 12.0Gb/s 
Port-1 :
Port status: Active
Port's Linkspeed: 12.0Gb/s 
Drive has flagged a S.M.A.R.T alert : No




Exit Code: 0x00
==============================================================================
Adapter: 0
Product Name: PERC H330 Adapter
Memory: 0MB
BBU: Absent
Serial No: 821003E
==============================================================================
Number of DISK GROUPS: 1

DISK GROUP: 0
Number of Spans: 1
SPAN: 0
Span Reference: 0x00
Number of PDs: 2
Number of VDs: 1
Number of dedicated Hotspares: 0
Virtual Drive Information:
Virtual Drive: 0 (Target Id: 0)
Name                :21tb
RAID Level          : Primary-1, Secondary-0, RAID Level Qualifier-0
Size                : 558.375 GB
Sector Size         : 512
Is VD emulated      : No
Mirror Data         : 558.375 GB
State               : Optimal
Strip Size          : 64 KB
Number Of Drives    : 2
Span Depth          : 1
Default Cache Policy: WriteThrough, ReadAheadNone, Direct, No Write Cache if Bad BBU
Current Cache Policy: WriteThrough, ReadAheadNone, Direct, No Write Cache if Bad BBU
Default Access Policy: Read/Write
Current Access Policy: Read/Write
Disk Cache Policy   : Disk's Default
Encryption Type     : None
Default Power Savings Policy: Controller Defined
Current Power Savings Policy: None
Can spin up in 1 minute: Yes
LD has drives that support T10 power conditions: Yes
LD's IO profile supports MAX power savings with cached writes: No
Bad Blocks Exist: No
Is VD Cached: No
Physical Disk Information:
Physical Disk: 0
Enclosure Device ID: 32
Slot Number: 0
Drive's position: DiskGroup: 0, Span: 0, Arm: 0
Enclosure position: 1
Device Id: 0
WWN: 5000C50099B977F0
Sequence Number: 2
Media Error Count: 0
Other Error Count: 0
Predictive Failure Count: 0
Last Predictive Failure Event Seq Number: 0
PD Type: SAS

Raw Size: 558.911 GB [0x45dd2fb0 Sectors]
Non Coerced Size: 558.411 GB [0x45cd2fb0 Sectors]
Coerced Size: 558.375 GB [0x45cc0000 Sectors]
Sector Size:  512
Logical Sector Size:  512
Physical Sector Size:  512
Firmware state: Online, Spun Up
Device Firmware Level: VT31
Shield Counter: 0
Successful diagnostics completion on :  N/A
SAS Address(0): 0x5000c50099b977f1
SAS Address(1): 0x0
Connected Port Number: 0(path0) 
Inquiry Data: SEAGATE ST600MP0005     VT31S7M1S8EN            
FDE Capable: Not Capable
FDE Enable: Disable
Secured: Unsecured
Locked: Unlocked
Needs EKM Attention: No
Foreign State: None 
Device Speed: 12.0Gb/s 
Link Speed: 12.0Gb/s 
Media Type: Hard Disk Device
Drive Temperature :26C (78.80 F)
PI Eligibility:  No 
Drive is formatted for PI information:  Yes 
PI: PI with type 2
Port-0 :
Port status: Active
Port's Linkspeed: 12.0Gb/s 
Port-1 :
Port status: Active
Port's Linkspeed: 12.0Gb/s 
Drive has flagged a S.M.A.R.T alert : No



Physical Disk: 1
Enclosure Device ID: 32
Slot Number: 1
Drive's position: DiskGroup: 0, Span: 0, Arm: 1
Enclosure position: 1
Device Id: 1
WWN: 5000C50099118944
Sequence Number: 2
Media Error Count: 0
Other Error Count: 0
Predictive Failure Count: 0
Last Predictive Failure Event Seq Number: 0
PD Type: SAS

Raw Size: 558.911 GB [0x45dd2fb0 Sectors]
Non Coerced Size: 558.411 GB [0x45cd2fb0 Sectors]
Coerced Size: 558.375 GB [0x45cc0000 Sectors]
Sector Size:  512
Logical Sector Size:  512
Physical Sector Size:  512
Firmware state: Online, Spun Up
Device Firmware Level: VT31
Shield Counter: 0
Successful diagnostics completion on :  N/A
SAS Address(0): 0x5000c50099118945
SAS Address(1): 0x0
Connected Port Number: 1(path0) 
Inquiry Data: SEAGATE ST600MP0005     VT31S7M1MJMF            
FDE Capable: Not Capable
FDE Enable: Disable
Secured: Unsecured
Locked: Unlocked
Needs EKM Attention: No
Foreign State: None 
Device Speed: 12.0Gb/s 
Link Speed: 12.0Gb/s 
Media Type: Hard Disk Device
Drive Temperature :26C (78.80 F)
PI Eligibility:  No 
Drive is formatted for PI information:  Yes 
PI: PI with type 2
Port-0 :
Port status: Active
Port's Linkspeed: 12.0Gb/s 
Port-1 :
Port status: Active
Port's Linkspeed: 12.0Gb/s 
Drive has flagged a S.M.A.R.T alert : No




Exit Code: 0x00
